
> admin-web@0.1.0 typecheck C:\Users\APPLE LAPTOP\Desktop\Achievers_cooperative\apps\admin-web
> tsc --noEmit

app/audit/page.tsx(136,25): error TS2322: Type '"flat"' is not assignable to type '"primary" | "secondary" | "soft" | "tertiary" | undefined'.
app/audit/page.tsx(137,25): error TS2322: Type '"default" | "primary"' is not assignable to type '"success" | "danger" | "default" | "warning" | "accent" | undefined'.
  Type '"primary"' is not assignable to type '"success" | "danger" | "default" | "warning" | "accent" | undefined'.
app/audit/page.tsx(173,21): error TS2322: Type '"flat"' is not assignable to type '"primary" | "secondary" | "soft" | "tertiary" | undefined'.
app/audit/page.tsx(174,21): error TS2322: Type '"default" | "primary"' is not assignable to type '"success" | "danger" | "default" | "warning" | "accent" | undefined'.
  Type '"primary"' is not assignable to type '"success" | "danger" | "default" | "warning" | "accent" | undefined'.
app/investments/page.tsx(146,27): error TS2322: Type '"flat"' is not assignable to type '"primary" | "secondary" | "soft" | "tertiary" | undefined'.
app/investments/page.tsx(179,23): error TS2322: Type '"flat"' is not assignable to type '"primary" | "secondary" | "soft" | "tertiary" | undefined'.
app/investments/page.tsx(226,21): error TS2322: Type '"flat"' is not assignable to type '"primary" | "secondary" | "soft" | "tertiary" | undefined'.
app/loans/page.tsx(3,30): error TS2724: '"@heroui/react"' has no exported member named 'Textarea'. Did you mean 'TextArea'?
app/loans/page.tsx(155,25): error TS2322: Type '"flat"' is not assignable to type '"primary" | "secondary" | "soft" | "tertiary" | undefined'.
app/loans/page.tsx(202,21): error TS2322: Type '"flat"' is not assignable to type '"primary" | "secondary" | "soft" | "tertiary" | undefined'.
app/members/page.tsx(108,11): error TS2322: Type '{ children: string; className: string; radius: string; size: "sm"; onPress: () => void; }' is not assignable to type 'IntrinsicAttributes & ButtonRootProps'.
  Property 'radius' does not exist on type 'IntrinsicAttributes & ButtonRootProps'.
app/members/page.tsx(130,19): error TS2322: Type '"bordered"' is not assignable to type '"primary" | "secondary" | undefined'.
app/members/page.tsx(138,19): error TS2322: Type '"bordered"' is not assignable to type '"primary" | "secondary" | undefined'.
app/members/page.tsx(146,19): error TS2322: Type '"bordered"' is not assignable to type '"primary" | "secondary" | undefined'.
app/members/page.tsx(179,19): error TS2322: Type '{ children: string; type: "submit"; className: string; radius: string; }' is not assignable to type 'IntrinsicAttributes & ButtonRootProps'.
  Property 'radius' does not exist on type 'IntrinsicAttributes & ButtonRootProps'.
app/members/page.tsx(193,11): error TS2322: Type '"bordered"' is not assignable to type '"primary" | "secondary" | undefined'.
app/members/page.tsx(269,25): error TS2322: Type '"flat"' is not assignable to type '"primary" | "secondary" | "soft" | "tertiary" | undefined'.
app/members/page.tsx(315,21): error TS2322: Type '"flat"' is not assignable to type '"primary" | "secondary" | "soft" | "tertiary" | undefined'.
app/settings/page.tsx(3,31): error TS2305: Module '"@heroui/react"' has no exported member 'Divider'.
app/settings/page.tsx(73,17): error TS2322: Type '"bordered"' is not assignable to type '"primary" | "secondary" | undefined'.
app/settings/page.tsx(81,15): error TS2322: Type '{ children: string; type: "submit"; className: string; radius: string; }' is not assignable to type 'IntrinsicAttributes & ButtonRootProps'.
  Property 'radius' does not exist on type 'IntrinsicAttributes & ButtonRootProps'.
app/settings/page.tsx(109,17): error TS2322: Type '"bordered"' is not assignable to type '"primary" | "secondary" | undefined'.
app/settings/page.tsx(117,17): error TS2322: Type '"bordered"' is not assignable to type '"primary" | "secondary" | undefined'.
app/settings/page.tsx(125,17): error TS2322: Type '"bordered"' is not assignable to type '"primary" | "secondary" | undefined'.
app/settings/page.tsx(132,15): error TS2322: Type '{ children: string; type: "submit"; className: string; radius: string; }' is not assignable to type 'IntrinsicAttributes & ButtonRootProps'.
  Property 'radius' does not exist on type 'IntrinsicAttributes & ButtonRootProps'.
app/settings/page.tsx(160,17): error TS2322: Type '"bordered"' is not assignable to type '"primary" | "secondary" | undefined'.
app/settings/page.tsx(167,15): error TS2322: Type '{ children: string; type: "submit"; className: string; radius: string; }' is not assignable to type 'IntrinsicAttributes & ButtonRootProps'.
  Property 'radius' does not exist on type 'IntrinsicAttributes & ButtonRootProps'.
app/settings/page.tsx(194,17): error TS2322: Type '"bordered"' is not assignable to type '"primary" | "secondary" | undefined'.
app/settings/page.tsx(199,48): error TS2322: Type '"bordered"' is not assignable to type '"primary" | "secondary" | undefined'.
app/settings/page.tsx(204,17): error TS2322: Type '"bordered"' is not assignable to type '"primary" | "secondary" | undefined'.
app/settings/page.tsx(211,15): error TS2322: Type '{ children: string; type: "submit"; className: string; radius: string; }' is not assignable to type 'IntrinsicAttributes & ButtonRootProps'.
  Property 'radius' does not exist on type 'IntrinsicAttributes & ButtonRootProps'.
app/transactions/page.tsx(8,3): error TS2724: '"@heroui/react"' has no exported member named 'Textarea'. Did you mean 'TextArea'?
app/transactions/page.tsx(10,3): error TS2305: Module '"@heroui/react"' has no exported member 'SelectItem'.
app/transactions/page.tsx(180,25): error TS2322: Type '"flat"' is not assignable to type '"primary" | "secondary" | "soft" | "tertiary" | undefined'.
app/transactions/page.tsx(229,21): error TS2322: Type '"flat"' is not assignable to type '"primary" | "secondary" | "soft" | "tertiary" | undefined'.
 ELIFECYCLE  Command failed with exit code 2.
